<?xml version="1.0" encoding="UTF-8"?>
<testsuite name="org.example.schoology.tests.CoursesTest" tests="1" skipped="1" failures="0" errors="0" timestamp="2020-05-29T05:02:10" hostname="DESKTOP-ES55JJ9" time="339.785">
  <properties/>
  <testcase name="editCourse" classname="org.example.schoology.tests.CoursesTest" time="339.785">
    <skipped/>
  </testcase>
  <system-out><![CDATA[]]></system-out>
  <system-err><![CDATA[SLF4J: Failed to load class "org.slf4j.impl.StaticLoggerBinder".
SLF4J: Defaulting to no-operation (NOP) logger implementation
SLF4J: See http://www.slf4j.org/codes.html#StaticLoggerBinder for further details.
Starting ChromeDriver 83.0.4103.39 (ccbf011cb2d2b19b506d844400483861342c20cd-refs/branch-heads/4103@{#416}) on port 9475
Only local connections are allowed.
Please see https://chromedriver.chromium.org/security-considerations for suggestions on keeping ChromeDriver safe.
ChromeDriver was started successfully.
May 28, 2020 10:03:45 PM org.openqa.selenium.remote.ProtocolHandshake createSession
INFO: Detected dialect: W3C
]]></system-err>
</testsuite>
